<?xml version="1.0" encoding="UTF-8"?>
<!-- Generated by org.testng.reporters.JUnitReportReporter -->
<testsuite hostname="SBLR-LT-1262" name="MFiles.Mfiletest" tests="1" failures="0" timestamp="9 Jan 2022 09:48:46 GMT" time="7.974" errors="0">
  <testcase name="getFiles" time="7.974" classname="MFiles.Mfiletest"/>
</testsuite> <!-- MFiles.Mfiletest -->
